<?xml version="1.0" encoding="UTF-8"?>
<testng-results ignored="0" total="1" passed="1" failed="0" skipped="0">
  <reporter-output>
  </reporter-output>
  <suite started-at="2023-01-30T01:06:27 IST" name="Default suite" finished-at="2023-01-30T01:07:41 IST" duration-ms="73603">
    <groups>
    </groups>
    <test started-at="2023-01-30T01:06:27 IST" name="Default test" finished-at="2023-01-30T01:07:41 IST" duration-ms="73603">
      <class name="hilton.hilton_test">
        <test-method is-config="true" signature="setup()[pri:0, instance:hilton.hilton_test@52e6fdee]" started-at="2023-01-30T01:06:27 IST" name="setup" finished-at="2023-01-30T01:06:39 IST" duration-ms="11369" status="PASS">
          <reporter-output>
          </reporter-output>
        </test-method> <!-- setup -->
        <test-method signature="main()[pri:0, instance:hilton.hilton_test@52e6fdee]" started-at="2023-01-30T01:06:39 IST" name="main" finished-at="2023-01-30T01:07:41 IST" duration-ms="62187" status="PASS">
          <reporter-output>
          </reporter-output>
        </test-method> <!-- main -->
        <test-method is-config="true" signature="teardowm()[pri:0, instance:hilton.hilton_test@52e6fdee]" started-at="2023-01-30T01:07:41 IST" name="teardowm" finished-at="2023-01-30T01:07:41 IST" duration-ms="0" status="PASS">
          <reporter-output>
          </reporter-output>
        </test-method> <!-- teardowm -->
      </class> <!-- hilton.hilton_test -->
    </test> <!-- Default test -->
  </suite> <!-- Default suite -->
</testng-results>
