<?xml version="1.0" encoding="UTF-8"?>
<testng-results ignored="0" total="1" passed="1" failed="0" skipped="0">
  <reporter-output>
  </reporter-output>
  <suite started-at="2023-01-20T19:28:32 IST" name="Default suite" finished-at="2023-01-20T19:29:46 IST" duration-ms="74846">
    <groups>
    </groups>
    <test started-at="2023-01-20T19:28:32 IST" name="Default test" finished-at="2023-01-20T19:29:46 IST" duration-ms="74846">
      <class name="testcase.zaloratest">
        <test-method is-config="true" signature="setup()[pri:0, instance:testcase.zaloratest@393671df]" started-at="2023-01-20T19:28:32 IST" name="setup" finished-at="2023-01-20T19:28:46 IST" duration-ms="14276" status="PASS">
          <reporter-output>
          </reporter-output>
        </test-method> <!-- setup -->
        <test-method signature="zalora()[pri:0, instance:testcase.zaloratest@393671df]" started-at="2023-01-20T19:28:46 IST" name="zalora" finished-at="2023-01-20T19:29:46 IST" duration-ms="59856" status="PASS">
          <reporter-output>
          </reporter-output>
        </test-method> <!-- zalora -->
        <test-method is-config="true" signature="teardowm()[pri:0, instance:testcase.zaloratest@393671df]" started-at="2023-01-20T19:29:46 IST" name="teardowm" finished-at="2023-01-20T19:29:46 IST" duration-ms="647" status="PASS">
          <reporter-output>
          </reporter-output>
        </test-method> <!-- teardowm -->
      </class> <!-- testcase.zaloratest -->
    </test> <!-- Default test -->
  </suite> <!-- Default suite -->
</testng-results>
